{"level":"\u001b[32minfo\u001b[39m","message":"Executing (default): SELECT 1+1 AS result","timestamp":"2022-11-13T05:23:53.545Z"}
{"level":"\u001b[32minfo\u001b[39m","message":"Executing (default): SELECT 1+1 AS result","timestamp":"2022-11-13T05:26:27.938Z"}
{"level":"\u001b[32minfo\u001b[39m","message":"Executing (default): SELECT 1+1 AS result","timestamp":"2022-11-13T05:28:21.277Z"}
{"level":"\u001b[32minfo\u001b[39m","message":"Executing (default): SELECT 1+1 AS result","timestamp":"2022-11-13T05:29:35.935Z"}
{"level":"\u001b[32minfo\u001b[39m","message":"Executing (default): SELECT 1+1 AS result","timestamp":"2022-11-13T05:30:04.873Z"}
{"level":"\u001b[32minfo\u001b[39m","message":"Executing (default): SELECT 1+1 AS result","timestamp":"2022-11-13T05:30:21.220Z"}
{"level":"\u001b[32minfo\u001b[39m","message":"Executing (default): SELECT 1+1 AS result","timestamp":"2022-11-13T05:31:12.548Z"}
{"level":"\u001b[32minfo\u001b[39m","message":"Executing (default): SELECT 1+1 AS result","timestamp":"2022-11-13T05:31:17.089Z"}
{"level":"\u001b[32minfo\u001b[39m","message":"Executing (default): SELECT 1+1 AS result","timestamp":"2022-11-13T05:31:19.266Z"}
{"level":"\u001b[32minfo\u001b[39m","message":"Executing (default): SELECT 1+1 AS result","timestamp":"2022-11-13T05:31:23.969Z"}
{"level":"\u001b[32minfo\u001b[39m","message":"Executing (default): SELECT 1+1 AS result","timestamp":"2022-11-13T05:32:02.564Z"}
{"level":"\u001b[32minfo\u001b[39m","message":"Executing (default): SELECT 1+1 AS result","timestamp":"2022-11-13T05:32:32.039Z"}
{"level":"\u001b[32minfo\u001b[39m","message":"Executing (default): SELECT 1+1 AS result","timestamp":"2022-11-13T05:33:06.441Z"}
{"level":"\u001b[32minfo\u001b[39m","message":"Executing (default): SELECT 1+1 AS result","timestamp":"2022-11-13T05:33:15.322Z"}
{"level":"\u001b[32minfo\u001b[39m","message":"Executing (default): SELECT 1+1 AS result","timestamp":"2022-11-13T05:33:29.383Z"}
{"level":"\u001b[32minfo\u001b[39m","message":"Executing (default): SELECT 1+1 AS result","timestamp":"2022-11-13T05:37:41.446Z"}
{"level":"\u001b[32minfo\u001b[39m","message":"Executing (default): SELECT 1+1 AS result","timestamp":"2022-11-13T05:39:35.461Z"}
{"level":"\u001b[32minfo\u001b[39m","message":"Executing (default): SELECT 1+1 AS result","timestamp":"2022-11-13T05:39:42.106Z"}
{"level":"\u001b[32minfo\u001b[39m","message":"Executing (default): SELECT 1+1 AS result","timestamp":"2022-11-13T05:39:58.856Z"}
{"level":"\u001b[32minfo\u001b[39m","message":"Executing (default): SELECT 1+1 AS result","timestamp":"2022-11-13T05:40:39.208Z"}
{"level":"\u001b[32minfo\u001b[39m","message":"Executing (default): SELECT 1+1 AS result","timestamp":"2022-11-13T05:40:57.185Z"}
{"level":"\u001b[32minfo\u001b[39m","message":"Executing (default): SELECT 1+1 AS result","timestamp":"2022-11-13T05:41:12.677Z"}
{"level":"\u001b[32minfo\u001b[39m","message":"Executing (default): SELECT 1+1 AS result","timestamp":"2022-11-13T05:41:26.078Z"}
{"level":"\u001b[32minfo\u001b[39m","message":"Executing (default): SELECT 1+1 AS result","timestamp":"2022-11-13T05:41:33.791Z"}
{"level":"\u001b[32minfo\u001b[39m","message":"Executing (default): SELECT 1+1 AS result","timestamp":"2022-11-13T05:41:55.212Z"}
{"level":"\u001b[32minfo\u001b[39m","message":"Executing (default): SELECT 1+1 AS result","timestamp":"2022-11-13T09:04:24.584Z"}
{"level":"\u001b[32minfo\u001b[39m","message":"req come at bookTicket() controller started","timestamp":"2022-11-13T09:04:33.165Z"}
{"level":"\u001b[32minfo\u001b[39m","message":"Executing (default): SELECT \"availableSheets\" FROM \"public\".\"screens\" AS \"screens\" WHERE \"screens\".\"screenId\" = '1';","timestamp":"2022-11-13T09:04:33.195Z"}
{"level":"\u001b[32minfo\u001b[39m","message":"Executing (default): SELECT COUNT(\"Id\") AS \"bookedSeats\" FROM \"public\".\"tickets\" AS \"tickets\" WHERE \"tickets\".\"slotId\" = '1' AND \"tickets\".\"screenId\" = '1' AND \"tickets\".\"date\" = '2022-11-13' AND \"tickets\".\"isCancled\" = false;","timestamp":"2022-11-13T09:04:33.209Z"}
{"level":"\u001b[32minfo\u001b[39m","message":"Executing (default): SELECT \"Id\", \"ticketNo\", \"date\", \"screenId\", \"seatNo\", \"userName\", \"mobileNo\", \"createdBy\", \"updatedBy\", \"slotId\", \"isCancled\", \"createdAt\", \"updatedAt\" FROM \"public\".\"tickets\" AS \"tickets\" WHERE \"tickets\".\"screenId\" = '1' AND \"tickets\".\"slotId\" = '1' AND \"tickets\".\"date\" = '2022-11-13' AND \"tickets\".\"seatNo\" = '7' AND \"tickets\".\"isCancled\" = false LIMIT 1;","timestamp":"2022-11-13T09:04:33.220Z"}
{"level":"\u001b[32minfo\u001b[39m","message":"req come at checkAvailableTicket() controller started","timestamp":"2022-11-13T09:04:33.231Z"}
{"level":"\u001b[32minfo\u001b[39m","message":"Executing (default): SELECT \"seatNo\" FROM \"public\".\"tickets\" AS \"tickets\" WHERE \"tickets\".\"slotId\" = '1' AND \"tickets\".\"screenId\" = '1' AND \"tickets\".\"date\" = '2022-11-13' AND \"tickets\".\"isCancled\" = false;","timestamp":"2022-11-13T09:04:33.233Z"}
{"level":"\u001b[32minfo\u001b[39m","message":"req come at checkAvailableTicket() controller ended","timestamp":"2022-11-13T09:04:33.236Z"}
{"level":"\u001b[32minfo\u001b[39m","message":"req come at bookTicket() controller Ended","timestamp":"2022-11-13T09:04:33.248Z"}
{"level":"\u001b[32minfo\u001b[39m","message":"Executing (default): SELECT 1+1 AS result","timestamp":"2022-11-13T09:05:52.202Z"}
{"level":"\u001b[32minfo\u001b[39m","message":"Executing (default): SELECT 1+1 AS result","timestamp":"2022-11-13T09:06:22.211Z"}
{"level":"\u001b[32minfo\u001b[39m","message":"Executing (default): SELECT 1+1 AS result","timestamp":"2022-11-13T09:10:32.218Z"}
{"level":"\u001b[32minfo\u001b[39m","message":"Executing (default): SELECT 1+1 AS result","timestamp":"2022-11-13T09:44:52.414Z"}
{"level":"\u001b[32minfo\u001b[39m","message":"Executing (default): SELECT 1+1 AS result","timestamp":"2022-11-13T09:45:00.755Z"}
{"level":"\u001b[32minfo\u001b[39m","message":"Executing (default): SELECT 1+1 AS result","timestamp":"2022-11-13T09:46:50.687Z"}
{"level":"\u001b[32minfo\u001b[39m","message":"Executing (default): SELECT 1+1 AS result","timestamp":"2022-11-13T09:47:58.219Z"}
{"level":"\u001b[32minfo\u001b[39m","message":"Executing (default): SELECT 1+1 AS result","timestamp":"2022-11-13T09:48:10.918Z"}
{"level":"\u001b[32minfo\u001b[39m","message":"Executing (default): SELECT 1+1 AS result","timestamp":"2022-11-13T09:48:19.918Z"}
{"level":"\u001b[32minfo\u001b[39m","message":"Executing (default): SELECT 1+1 AS result","timestamp":"2022-11-13T09:48:26.410Z"}
{"level":"\u001b[32minfo\u001b[39m","message":"Executing (default): SELECT 1+1 AS result","timestamp":"2022-11-13T09:48:44.867Z"}
{"level":"\u001b[32minfo\u001b[39m","message":"Executing (default): SELECT 1+1 AS result","timestamp":"2022-11-13T09:48:50.161Z"}
{"level":"\u001b[32minfo\u001b[39m","message":"Executing (default): SELECT 1+1 AS result","timestamp":"2022-11-13T09:48:58.480Z"}
